C51 COMPILER V9.60.7.0   LED_INTERFACE_HEX                                                 03/28/2026 15:20:41 PAGE 1   


C51 COMPILER V9.60.7.0, COMPILATION OF MODULE LED_INTERFACE_HEX
OBJECT MODULE PLACED IN .\Objects\led interface hex.obj
COMPILER INVOKED BY: C:\C51\BIN\C51.EXE led interface hex.c OPTIMIZE(8,SPEED) BROWSE DEBUG OBJECTEXTEND PRINT(.\Listings
                    -\led interface hex.lst) TABS(2) OBJECT(.\Objects\led interface hex.obj)

line level    source

   1          #include <reg51.h>
   2          #define LCD P2
   3          //lcd = P2;
   4          sbit rs = P3^0;
   5          sbit e = P3^1;
   6          sbit swi = P3^3;
   7          bit flag = 0;
   8          void delay(unsigned char x){
   9   1        unsigned int i,j;
  10   1        for(i =0 ; i<x; i++){
  11   2          for( j = 0; j<1275; j++);
  12   2        }
  13   1      }
  14          void lcd_cmd(unsigned char cmd){
  15   1        LCD = cmd;
  16   1        rs = 0;
  17   1        e = 1;
  18   1        delay(2);
  19   1        e = 0;
  20   1      }
  21          
  22          void lcd_data (unsigned char a){
  23   1        LCD = a;
  24   1        rs = 1;
  25   1        e = 1;
  26   1        delay(2);
  27   1        e = 0;
  28   1      }
  29          void lcd_string(char *str){
  30   1        while (*str){
  31   2          lcd_data(*str++);
  32   2        }
  33   1      }
  34          void lcd_init(){
  35   1        lcd_cmd(0x38);
  36   1        lcd_cmd(0x0C);
  37   1        lcd_cmd(0x01);
  38   1      }
  39          void external(void) interrupt 2{
  40   1         flag = 1;
  41   1      }
  42          void main(){
  43   1        lcd_init();
  44   1        lcd_string("RESTARTING");
  45   1        delay(1000);
  46   1        lcd_cmd(0x01);
  47   1        IE = 0x84;
  48   1        IT1 = 1;
  49   1        while(1){
  50   2          if (flag == 1){
  51   3              lcd_cmd(0x01);
  52   3              lcd_string("SWITCH PRESSED");
  53   3              delay(1000);
  54   3              flag = 0;
C51 COMPILER V9.60.7.0   LED_INTERFACE_HEX                                                 03/28/2026 15:20:41 PAGE 2   

  55   3          }
  56   2          else {
  57   3            lcd_cmd(0x01);
  58   3            lcd_string("NOT PRESSED");
  59   3            delay(1000);
  60   3        }
  61   2      }
  62   1      }
  63                
  64            


MODULE INFORMATION:   STATIC OVERLAYABLE
   CODE SIZE        =    192    ----
   CONSTANT SIZE    =     38    ----
   XDATA SIZE       =   ----    ----
   PDATA SIZE       =   ----    ----
   DATA SIZE        =   ----       3
   IDATA SIZE       =   ----    ----
   BIT SIZE         =      1    ----
END OF MODULE INFORMATION.


C51 COMPILATION COMPLETE.  0 WARNING(S),  0 ERROR(S)
